<?xml version='1.0' encoding='utf-8' standalone='yes' ?><testsuites timestamp="8 Aug 2012 02:14:47 GMT"><testsuite name="com.baidu.demo.test.AdUtilTest"><testcase classname="com.baidu.demo.test.AdUtilTest" name="testAdManagerMethods" time="1.020" /><testcase classname="com.baidu.demo.test.AdUtilTest" name="testBrowserOutsideHTTP" time="0.144" /><testcase classname="com.baidu.demo.test.AdUtilTest" name="testDial" time="0.090" /><testcase classname="com.baidu.demo.test.AdUtilTest" name="testDiff" time="0.000" /><testcase classname="com.baidu.demo.test.AdUtilTest" name="testExists_Read_Write" time="0.086" /><testcase classname="com.baidu.demo.test.AdUtilTest" name="testGetBitmap" time="1.595"><failure message="junit.framework.AssertionFailedError: testHttpGet: expected:&lt;false&gt; but was:&lt;true&gt;" type="junit.framework.AssertionFailedError">junit.framework.AssertionFailedError: testHttpGet: expected:&lt;false&gt; but was:&lt;true&gt;
	at junit.framework.Assert.fail(Assert.java:47)
	at junit.framework.Assert.failNotEquals(Assert.java:282)
	at junit.framework.Assert.assertEquals(Assert.java:64)
	at junit.framework.Assert.assertEquals(Assert.java:149)
	at com.baidu.demo.test.AdUtilTest.testGetBitmap(AdUtilTest.java:122)
	at java.lang.reflect.Method.invokeNative(Native Method)
	at java.lang.reflect.Method.invoke(Method.java:521)
	at junit.framework.TestCase.runTest(TestCase.java:154)
	at junit.framework.TestCase.runBare(TestCase.java:127)
	at junit.framework.TestResult$1.protect(TestResult.java:106)
	at junit.framework.TestResult.runProtected(TestResult.java:124)
	at junit.framework.TestResult.run(TestResult.java:109)
	at junit.framework.TestCase.run(TestCase.java:118)
	at android.test.AndroidTestRunner.runTest(AndroidTestRunner.java:169)
	at android.test.AndroidTestRunner.runTest(AndroidTestRunner.java:154)
	at com.baidu.demo.test.TestRunner.run(TestRunner.java:30)
	at java.lang.Thread.run(Thread.java:1096)
</failure></testcase><testcase classname="com.baidu.demo.test.AdUtilTest" name="testGetMD5" time="0.009" /><testcase classname="com.baidu.demo.test.AdUtilTest" name="testHttpGet" time="0.498" /><testcase classname="com.baidu.demo.test.AdUtilTest" name="testPermission" time="0.068"><failure message="junit.framework.AssertionFailedError: testCheckPermission expected:&lt;false&gt; but was:&lt;true&gt;" type="junit.framework.AssertionFailedError">junit.framework.AssertionFailedError: testCheckPermission expected:&lt;false&gt; but was:&lt;true&gt;
	at junit.framework.Assert.fail(Assert.java:47)
	at junit.framework.Assert.failNotEquals(Assert.java:282)
	at junit.framework.Assert.assertEquals(Assert.java:64)
	at junit.framework.Assert.assertEquals(Assert.java:149)
	at com.baidu.demo.test.AdUtilTest.testPermission(AdUtilTest.java:68)
	at java.lang.reflect.Method.invokeNative(Native Method)
	at java.lang.reflect.Method.invoke(Method.java:521)
	at junit.framework.TestCase.runTest(TestCase.java:154)
	at junit.framework.TestCase.runBare(TestCase.java:127)
	at junit.framework.TestResult$1.protect(TestResult.java:106)
	at junit.framework.TestResult.runProtected(TestResult.java:124)
	at junit.framework.TestResult.run(TestResult.java:109)
	at junit.framework.TestCase.run(TestCase.java:118)
	at android.test.AndroidTestRunner.runTest(AndroidTestRunner.java:169)
	at android.test.AndroidTestRunner.runTest(AndroidTestRunner.java:154)
	at com.baidu.demo.test.TestRunner.run(TestRunner.java:30)
	at java.lang.Thread.run(Thread.java:1096)
</failure></testcase><testcase classname="com.baidu.demo.test.AdUtilTest" name="testStr2JS" time="0.000" /><testcase classname="com.baidu.demo.test.AdUtilTest" name="testTouch" time="0.003"><failure message="junit.framework.AssertionFailedError: touch:file not exist expected:&lt;false&gt; but was:&lt;true&gt;" type="junit.framework.AssertionFailedError">junit.framework.AssertionFailedError: touch:file not exist expected:&lt;false&gt; but was:&lt;true&gt;
	at junit.framework.Assert.fail(Assert.java:47)
	at junit.framework.Assert.failNotEquals(Assert.java:282)
	at junit.framework.Assert.assertEquals(Assert.java:64)
	at junit.framework.Assert.assertEquals(Assert.java:149)
	at com.baidu.demo.test.AdUtilTest.testTouch(AdUtilTest.java:141)
	at java.lang.reflect.Method.invokeNative(Native Method)
	at java.lang.reflect.Method.invoke(Method.java:521)
	at junit.framework.TestCase.runTest(TestCase.java:154)
	at junit.framework.TestCase.runBare(TestCase.java:127)
	at junit.framework.TestResult$1.protect(TestResult.java:106)
	at junit.framework.TestResult.runProtected(TestResult.java:124)
	at junit.framework.TestResult.run(TestResult.java:109)
	at junit.framework.TestCase.run(TestCase.java:118)
	at android.test.AndroidTestRunner.runTest(AndroidTestRunner.java:169)
	at android.test.AndroidTestRunner.runTest(AndroidTestRunner.java:154)
	at com.baidu.demo.test.TestRunner.run(TestRunner.java:30)
	at java.lang.Thread.run(Thread.java:1096)
</failure></testcase><testcase classname="com.baidu.demo.test.AdUtilTest" name="testType" time="0.028" /><testcase classname="com.baidu.demo.test.AdUtilTest" name="testWriteExt" time="0.001"><failure message="junit.framework.AssertionFailedError: on sd,has the file ut? expected:&lt;true&gt; but was:&lt;false&gt;" type="junit.framework.AssertionFailedError">junit.framework.AssertionFailedError: on sd,has the file ut? expected:&lt;true&gt; but was:&lt;false&gt;
	at junit.framework.Assert.fail(Assert.java:47)
	at junit.framework.Assert.failNotEquals(Assert.java:282)
	at junit.framework.Assert.assertEquals(Assert.java:64)
	at junit.framework.Assert.assertEquals(Assert.java:149)
	at com.baidu.demo.test.AdUtilTest.testWriteExt(AdUtilTest.java:96)
	at java.lang.reflect.Method.invokeNative(Native Method)
	at java.lang.reflect.Method.invoke(Method.java:521)
	at junit.framework.TestCase.runTest(TestCase.java:154)
	at junit.framework.TestCase.runBare(TestCase.java:127)
	at junit.framework.TestResult$1.protect(TestResult.java:106)
	at junit.framework.TestResult.runProtected(TestResult.java:124)
	at junit.framework.TestResult.run(TestResult.java:109)
	at junit.framework.TestCase.run(TestCase.java:118)
	at android.test.AndroidTestRunner.runTest(AndroidTestRunner.java:169)
	at android.test.AndroidTestRunner.runTest(AndroidTestRunner.java:154)
	at com.baidu.demo.test.TestRunner.run(TestRunner.java:30)
	at java.lang.Thread.run(Thread.java:1096)
</failure></testcase></testsuite></testsuites>